22:47:21 **** Build of configuration Debug for project loksys_receiver ****
make all 
Building file: ../src/main.c
Invoking: Cross ARM C Compiler
arm-none-eabi-gcc -mcpu=cortex-m0 -mthumb -mfloat-abi=soft -mabi=aapcs -O0 -fmessage-length=0 -Werror  -g3 -DNRF51 -DBOARD_PCA10000 -DNRF51822_QFAA_CA -DDEBUG -I/opt/nrf51_sdk/nrf51822/Include -I/opt/nrf51_sdk/nrf51822/Include/gcc -I/home/valdo/Documents/nrf51/loksys_core -std=gnu99 -MMD -MP -MF"src/main.d" -MT"src/main.o" -c -o "src/main.o" "../src/main.c"
Finished building: ../src/main.c
 
Building target: loksys_receiver.elf
Invoking: Cross ARM C Linker
arm-none-eabi-gcc -mcpu=cortex-m0 -mthumb -mfloat-abi=soft -mabi=aapcs -O0 -fmessage-length=0 -Werror  -g3 -T mem.ld -T sections.ld -L"../ldscripts" -Wl,-Map,"loksys_receiver.map" -o "loksys_receiver.elf"  ./src/gcc_startup_nrf51.o ./src/main.o ./src/radio.o ./src/system_nrf51.o  ./nrf_delay/nrf_delay.o  ./core/adc.o ./core/crc16.o ./core/crc32.o ./core/crc8.o ./core/timer.o ./core/uart.o ./core/xxtea.o   
Finished building target: loksys_receiver.elf
 
Invoking: Cross ARM GNU Create Flash Image
arm-none-eabi-objcopy -O ihex "loksys_receiver.elf"  "loksys_receiver.hex"
Finished building: loksys_receiver.hex
 
Invoking: Cross ARM GNU Print Size
arm-none-eabi-size --format=berkeley "loksys_receiver.elf"
   text	   data	    bss	    dec	    hex	filename
  39020	   3284	    252	  42556	   a63c	loksys_receiver.elf
Finished building: loksys_receiver.siz
 
22:47:42 **** Incremental Build of configuration Debug for project loksys_receiver ****
make all 
Invoking: Cross ARM GNU Print Size
arm-none-eabi-size --format=berkeley "loksys_receiver.elf"
   text	   data	    bss	    dec	    hex	filename
  39020	   3284	    252	  42556	   a63c	loksys_receiver.elf
Finished building: loksys_receiver.siz
 
